#
# A fatal error has been detected by the Java Runtime Environment:
#
#  Internal Error (./open/src/hotspot/share/runtime/handshake.cpp:514), pid=15964, tid=13232
#  guarantee(!_processing_sem.trywait()) failed: we should already own the semaphore
#
# JRE version: Java(TM) SE Runtime Environment (15.0+36) (build 15+36-1562)
# Java VM: Java HotSpot(TM) 64-Bit Server VM (15+36-1562, mixed mode, sharing, tiered, compressed oops, g1 gc, windows-amd64)
# No core dump will be written. Minidumps are not enabled by default on client versions of Windows
#
# If you would like to submit a bug report, please visit:
#   https://bugreport.java.com/bugreport/crash.jsp
#

---------------  S U M M A R Y ------------

Command Line: --add-opens=java.base/java.util=ALL-UNNAMED --add-opens=java.base/java.lang=ALL-UNNAMED --add-opens=java.base/java.lang.invoke=ALL-UNNAMED --add-opens=java.prefs/java.util.prefs=ALL-UNNAMED -XX:MaxMetaspaceSize=256m -XX:+HeapDumpOnOutOfMemoryError -Xms256m -Xmx512m -Dfile.encoding=windows-31j -Duser.country=US -Duser.language=en -Duser.variant org.gradle.launcher.daemon.bootstrap.GradleDaemon 6.8.3

Host: Intel(R) Core(TM) i5-4210M CPU @ 2.60GHz, 4 cores, 7G,  Windows 10 , 64 bit Build 22000 (10.0.22000.613)
Time: Fri Apr 15 13:16:31 2022 SE Asia Standard Time elapsed time: 8479.142522 seconds (0d 2h 21m 19s)

---------------  T H R E A D  ---------------

Current thread (0x0000025ca8889e70):  VMThread "VM Thread" [stack: 0x000000828ac00000,0x000000828ad00000] [id=13232] _threads_hazard_ptr=0x0000025cab2f80f0

Stack: [0x000000828ac00000,0x000000828ad00000]
[error occurred during error reporting (printing stack bounds), id 0xc0000005, EXCEPTION_ACCESS_VIOLATION (0xc0000005) at pc=0x0000025c959c10ad]

Native frames: (J=compiled Java code, j=interpreted, Vv=VM code, C=native code)
V  [jvm.dll+0x629eaa]
V  [jvm.dll+0x780379]
V  [jvm.dll+0x781ad3]
V  [jvm.dll+0x782095]
V  [jvm.dll+0x78204b]
V  [jvm.dll+0x629379]
V  [jvm.dll+0x629b48]
C  [ntdll.dll+0xa86ef]
C  [ntdll.dll+0x35aea]
C  [ntdll.dll+0xa76fe]
C  0x0000025c959c10ad

VM_Operation (0x000000828b1ff540): HandshakeAllThreads, mode: no safepoint, requested by thread 0x0000025ca88b7db0


---------------  P R O C E S S  ---------------

Threads class SMR info:
_java_thread_list=0x0000025cab2f80f0, length=21, elements={
0x0000025c8bfa57d0, 0x0000025ca88923e0, 0x0000025ca88934c0, 0x0000025ca88b4c20,
0x0000025ca88b54e0, 0x0000025ca88b7db0, 0x0000025ca88b8a50, 0x0000025ca88ba410,
0x0000025ca88c3c80, 0x0000025ca9305a00, 0x0000025ca9326c50, 0x0000025caaf20a90,
0x0000025caaddfdd0, 0x0000025ca95069b0, 0x0000025cabaac810, 0x0000025cab1e45f0,
0x0000025caaac41b0, 0x0000025caaac4680, 0x0000025caaac4b50, 0x0000025caaac5020,
0x0000025caaeb9910
}

Java Threads: ( => current thread )
  0x0000025c8bfa57d0 JavaThread "main" [_thread_blocked, id=7260, stack(0x000000828a600000,0x000000828a700000)]
  0x0000025ca88923e0 JavaThread "Reference Handler" daemon [_thread_blocked, id=10260, stack(0x000000828ad00000,0x000000828ae00000)]
  0x0000025ca88934c0 JavaThread "Finalizer" daemon [_thread_blocked, id=6644, stack(0x000000828ae00000,0x000000828af00000)]
  0x0000025ca88b4c20 JavaThread "Signal Dispatcher" daemon [_thread_blocked, id=14304, stack(0x000000828af00000,0x000000828b000000)]
  0x0000025ca88b54e0 JavaThread "Attach Listener" daemon [_thread_blocked, id=2616, stack(0x000000828b000000,0x000000828b100000)]
  0x0000025ca88b7db0 JavaThread "Service Thread" daemon [_thread_blocked, id=7760, stack(0x000000828b100000,0x000000828b200000)]
  0x0000025ca88b8a50 JavaThread "C2 CompilerThread0" daemon [_thread_blocked, id=8268, stack(0x000000828b200000,0x000000828b300000)]
  0x0000025ca88ba410 JavaThread "C1 CompilerThread0" daemon [_thread_blocked, id=10676, stack(0x000000828b300000,0x000000828b400000)]
  0x0000025ca88c3c80 JavaThread "Sweeper thread" daemon [_thread_blocked, id=15044, stack(0x000000828b400000,0x000000828b500000)]
  0x0000025ca9305a00 JavaThread "Common-Cleaner" daemon [_thread_blocked, id=11336, stack(0x000000828b500000,0x000000828b600000)]
  0x0000025ca9326c50 JavaThread "Notification Thread" daemon [_thread_blocked, id=1416, stack(0x000000828b600000,0x000000828b700000)]
  0x0000025caaf20a90 JavaThread "Daemon health stats" [_thread_blocked, id=13120, stack(0x000000828bc00000,0x000000828bd00000)]
  0x0000025caaddfdd0 JavaThread "Incoming local TCP Connector on port 63767" [_thread_in_native, id=9392, stack(0x000000828be00000,0x000000828bf00000)]
  0x0000025ca95069b0 JavaThread "Daemon" [_thread_blocked, id=13504, stack(0x000000828bf00000,0x000000828c000000)]
  0x0000025cabaac810 JavaThread "Daemon periodic checks" [_thread_blocked, id=10708, stack(0x000000828c000000,0x000000828c100000)]
  0x0000025cab1e45f0 JavaThread "Handler for socket connection from /127.0.0.1:63767 to /127.0.0.1:63768" [_thread_in_native, id=3564, stack(0x000000828c100000,0x000000828c200000)]
  0x0000025caaac41b0 JavaThread "Cancel handler" [_thread_blocked, id=14632, stack(0x000000828c200000,0x000000828c300000)]
  0x0000025caaac4680 JavaThread "Daemon worker" [_thread_blocked, id=12356, stack(0x000000828c300000,0x000000828c400000)]
  0x0000025caaac4b50 JavaThread "Asynchronous log dispatcher for DefaultDaemonConnection: socket connection from /127.0.0.1:63767 to /127.0.0.1:63768" [_thread_blocked, id=7992, stack(0x000000828c400000,0x000000828c500000)]
  0x0000025caaac5020 JavaThread "Stdin handler" [_thread_in_Java, id=16364, stack(0x000000828c500000,0x000000828c600000)]
  0x0000025caaeb9910 JavaThread "Daemon client event forwarder" [_thread_blocked, id=13640, stack(0x000000828c600000,0x000000828c700000)]

Other Threads:
=>0x0000025ca8889e70 VMThread "VM Thread" [stack: 0x000000828ac00000,0x000000828ad00000] [id=13232] _threads_hazard_ptr=0x0000025cab2f80f0
  0x0000025ca93291e0 WatcherThread [stack: 0x000000828b700000,0x000000828b800000] [id=8012]
  0x0000025c8bfca700 GCTaskThread "GC Thread#0" [stack: 0x000000828a700000,0x000000828a800000] [id=15968]
  0x0000025ca98f5870 GCTaskThread "GC Thread#1" [stack: 0x000000828b800000,0x000000828b900000] [id=5856]
  0x0000025ca98f7b80 GCTaskThread "GC Thread#2" [stack: 0x000000828b900000,0x000000828ba00000] [id=9648]
  0x0000025ca98f6860 GCTaskThread "GC Thread#3" [stack: 0x000000828ba00000,0x000000828bb00000] [id=17072]
  0x0000025c8bfcf8d0 ConcurrentGCThread "G1 Main Marker" [stack: 0x000000828a800000,0x000000828a900000] [id=2504]
  0x0000025c8bfd1450 ConcurrentGCThread "G1 Conc#0" [stack: 0x000000828a900000,0x000000828aa00000] [id=240]
  0x0000025ca87404a0 ConcurrentGCThread "G1 Refine#0" [stack: 0x000000828aa00000,0x000000828ab00000] [id=17076]
  0x0000025ca8741020 ConcurrentGCThread "G1 Young RemSet Sampling" [stack: 0x000000828ab00000,0x000000828ac00000] [id=11688]

Threads with active compile tasks:
C1 CompilerThread0  8479205 1847       1       java.util.concurrent.atomic.AtomicInteger::get (5 bytes)

VM state: not at safepoint (normal execution)

VM Mutex/Monitor currently owned by a thread:  ([mutex/lock_event])
[0x0000025c8bf9f060] ProtectionDomainSet_lock - owner thread: 0x0000025caaac5020
[0x0000025c8bfa03d0] Compile_lock - owner thread: 0x0000025caaac4680
[0x0000025c8bfa1270] MethodCompileQueue_lock - owner thread: 0x0000025ca88ba410

Heap address: 0x00000000e0000000, size: 512 MB, Compressed Oops mode: 32-bit
CDS archive(s) mapped at: [0x0000000800000000-0x0000000800b50000-0x0000000800b50000), size 11862016, SharedBaseAddress: 0x0000000800000000, ArchiveRelocationMode: 0.
Compressed class space mapped at: 0x0000000800b50000-0x0000000810350000, size: 260046848
Narrow klass base: 0x0000000800000000, Narrow klass shift: 3, Narrow klass range: 0x100000000

GC Precious Log:
 CPUs: 4 total, 4 available
 Memory: 7876M
 Large Page Support: Disabled
 NUMA Support: Disabled
 Compressed Oops: Enabled (32-bit)
 Heap Region Size: 1M
 Heap Min Capacity: 256M
 Heap Initial Capacity: 256M
 Heap Max Capacity: 512M
 Pre-touch: Disabled
 Parallel Workers: 4
 Concurrent Workers: 1
 Concurrent Refinement Workers: 4
 Periodic GC: Disabled

Heap:
 garbage-first heap   total 262144K, used 45971K [0x00000000e0000000, 0x0000000100000000)
  region size 1024K, 38 young (38912K), 3 survivors (3072K)
 Metaspace       used 11134K, capacity 11412K, committed 11648K, reserved 264192K
  class space    used 1514K, capacity 1587K, committed 1664K, reserved 253952K

Heap Regions: E=young(eden), S=young(survivor), O=old, HS=humongous(starts), HC=humongous(continues), CS=collection set, F=free, OA=open archive, CA=closed archive, TAMS=top-at-mark-start (previous, next)
|   0|0x00000000e0000000, 0x00000000e0100000, 0x00000000e0100000|100%| O|  |TAMS 0x00000000e0000000, 0x00000000e0000000| Untracked 
|   1|0x00000000e0100000, 0x00000000e01fa000, 0x00000000e0200000| 97%| O|  |TAMS 0x00000000e0100000, 0x00000000e0100000| Untracked 
|   2|0x00000000e0200000, 0x00000000e0200000, 0x00000000e0300000|  0%| F|  |TAMS 0x00000000e0200000, 0x00000000e0200000| Untracked 
|   3|0x00000000e0300000, 0x00000000e0400000, 0x00000000e0400000|100%|HS|  |TAMS 0x00000000e0300000, 0x00000000e0300000| Complete 
|   4|0x00000000e0400000, 0x00000000e0500000, 0x00000000e0500000|100%|HC|  |TAMS 0x00000000e0400000, 0x00000000e0400000| Complete 
|   5|0x00000000e0500000, 0x00000000e0600000, 0x00000000e0600000|100%|HC|  |TAMS 0x00000000e0500000, 0x00000000e0500000| Complete 
|   6|0x00000000e0600000, 0x00000000e0700000, 0x00000000e0700000|100%| O|  |TAMS 0x00000000e0600000, 0x00000000e0600000| Untracked 
|   7|0x00000000e0700000, 0x00000000e0800000, 0x00000000e0800000|100%| O|  |TAMS 0x00000000e0700000, 0x00000000e0700000| Untracked 
|   8|0x00000000e0800000, 0x00000000e0900000, 0x00000000e0900000|100%| O|  |TAMS 0x00000000e0800000, 0x00000000e0800000| Untracked 
|   9|0x00000000e0900000, 0x00000000e0900000, 0x00000000e0a00000|  0%| F|  |TAMS 0x00000000e0900000, 0x00000000e0900000| Untracked 
|  10|0x00000000e0a00000, 0x00000000e0a00000, 0x00000000e0b00000|  0%| F|  |TAMS 0x00000000e0a00000, 0x00000000e0a00000| Untracked 
|  11|0x00000000e0b00000, 0x00000000e0b00000, 0x00000000e0c00000|  0%| F|  |TAMS 0x00000000e0b00000, 0x00000000e0b00000| Untracked 
|  12|0x00000000e0c00000, 0x00000000e0c00000, 0x00000000e0d00000|  0%| F|  |TAMS 0x00000000e0c00000, 0x00000000e0c00000| Untracked 
|  13|0x00000000e0d00000, 0x00000000e0d00000, 0x00000000e0e00000|  0%| F|  |TAMS 0x00000000e0d00000, 0x00000000e0d00000| Untracked 
|  14|0x00000000e0e00000, 0x00000000e0e00000, 0x00000000e0f00000|  0%| F|  |TAMS 0x00000000e0e00000, 0x00000000e0e00000| Untracked 
|  15|0x00000000e0f00000, 0x00000000e0f00000, 0x00000000e1000000|  0%| F|  |TAMS 0x00000000e0f00000, 0x00000000e0f00000| Untracked 
|  16|0x00000000e1000000, 0x00000000e1000000, 0x00000000e1100000|  0%| F|  |TAMS 0x00000000e1000000, 0x00000000e1000000| Untracked 
|  17|0x00000000e1100000, 0x00000000e1100000, 0x00000000e1200000|  0%| F|  |TAMS 0x00000000e1100000, 0x00000000e1100000| Untracked 
|  18|0x00000000e1200000, 0x00000000e1200000, 0x00000000e1300000|  0%| F|  |TAMS 0x00000000e1200000, 0x00000000e1200000| Untracked 
|  19|0x00000000e1300000, 0x00000000e1300000, 0x00000000e1400000|  0%| F|  |TAMS 0x00000000e1300000, 0x00000000e1300000| Untracked 
|  20|0x00000000e1400000, 0x00000000e1400000, 0x00000000e1500000|  0%| F|  |TAMS 0x00000000e1400000, 0x00000000e1400000| Untracked 
|  21|0x00000000e1500000, 0x00000000e1500000, 0x00000000e1600000|  0%| F|  |TAMS 0x00000000e1500000, 0x00000000e1500000| Untracked 
|  22|0x00000000e1600000, 0x00000000e1600000, 0x00000000e1700000|  0%| F|  |TAMS 0x00000000e1600000, 0x00000000e1600000| Untracked 
|  23|0x00000000e1700000, 0x00000000e1700000, 0x00000000e1800000|  0%| F|  |TAMS 0x00000000e1700000, 0x00000000e1700000| Untracked 
|  24|0x00000000e1800000, 0x00000000e1800000, 0x00000000e1900000|  0%| F|  |TAMS 0x00000000e1800000, 0x00000000e1800000| Untracked 
|  25|0x00000000e1900000, 0x00000000e1900000, 0x00000000e1a00000|  0%| F|  |TAMS 0x00000000e1900000, 0x00000000e1900000| Untracked 
|  26|0x00000000e1a00000, 0x00000000e1a00000, 0x00000000e1b00000|  0%| F|  |TAMS 0x00000000e1a00000, 0x00000000e1a00000| Untracked 
|  27|0x00000000e1b00000, 0x00000000e1b00000, 0x00000000e1c00000|  0%| F|  |TAMS 0x00000000e1b00000, 0x00000000e1b00000| Untracked 
|  28|0x00000000e1c00000, 0x00000000e1c00000, 0x00000000e1d00000|  0%| F|  |TAMS 0x00000000e1c00000, 0x00000000e1c00000| Untracked 
|  29|0x00000000e1d00000, 0x00000000e1d00000, 0x00000000e1e00000|  0%| F|  |TAMS 0x00000000e1d00000, 0x00000000e1d00000| Untracked 
|  30|0x00000000e1e00000, 0x00000000e1e00000, 0x00000000e1f00000|  0%| F|  |TAMS 0x00000000e1e00000, 0x00000000e1e00000| Untracked 
|  31|0x00000000e1f00000, 0x00000000e1f00000, 0x00000000e2000000|  0%| F|  |TAMS 0x00000000e1f00000, 0x00000000e1f00000| Untracked 
|  32|0x00000000e2000000, 0x00000000e2000000, 0x00000000e2100000|  0%| F|  |TAMS 0x00000000e2000000, 0x00000000e2000000| Untracked 
|  33|0x00000000e2100000, 0x00000000e2100000, 0x00000000e2200000|  0%| F|  |TAMS 0x00000000e2100000, 0x00000000e2100000| Untracked 
|  34|0x00000000e2200000, 0x00000000e2200000, 0x00000000e2300000|  0%| F|  |TAMS 0x00000000e2200000, 0x00000000e2200000| Untracked 
|  35|0x00000000e2300000, 0x00000000e2300000, 0x00000000e2400000|  0%| F|  |TAMS 0x00000000e2300000, 0x00000000e2300000| Untracked 
|  36|0x00000000e2400000, 0x00000000e2400000, 0x00000000e2500000|  0%| F|  |TAMS 0x00000000e2400000, 0x00000000e2400000| Untracked 
|  37|0x00000000e2500000, 0x00000000e2500000, 0x00000000e2600000|  0%| F|  |TAMS 0x00000000e2500000, 0x00000000e2500000| Untracked 
|  38|0x00000000e2600000, 0x00000000e2600000, 0x00000000e2700000|  0%| F|  |TAMS 0x00000000e2600000, 0x00000000e2600000| Untracked 
|  39|0x00000000e2700000, 0x00000000e2700000, 0x00000000e2800000|  0%| F|  |TAMS 0x00000000e2700000, 0x00000000e2700000| Untracked 
|  40|0x00000000e2800000, 0x00000000e2800000, 0x00000000e2900000|  0%| F|  |TAMS 0x00000000e2800000, 0x00000000e2800000| Untracked 
|  41|0x00000000e2900000, 0x00000000e2900000, 0x00000000e2a00000|  0%| F|  |TAMS 0x00000000e2900000, 0x00000000e2900000| Untracked 
|  42|0x00000000e2a00000, 0x00000000e2a00000, 0x00000000e2b00000|  0%| F|  |TAMS 0x00000000e2a00000, 0x00000000e2a00000| Untracked 
|  43|0x00000000e2b00000, 0x00000000e2b00000, 0x00000000e2c00000|  0%| F|  |TAMS 0x00000000e2b00000, 0x00000000e2b00000| Untracked 
|  44|0x00000000e2c00000, 0x00000000e2c00000, 0x00000000e2d00000|  0%| F|  |TAMS 0x00000000e2c00000, 0x00000000e2c00000| Untracked 
|  45|0x00000000e2d00000, 0x00000000e2d00000, 0x00000000e2e00000|  0%| F|  |TAMS 0x00000000e2d00000, 0x00000000e2d00000| Untracked 
|  46|0x00000000e2e00000, 0x00000000e2e00000, 0x00000000e2f00000|  0%| F|  |TAMS 0x00000000e2e00000, 0x00000000e2e00000| Untracked 
|  47|0x00000000e2f00000, 0x00000000e2f00000, 0x00000000e3000000|  0%| F|  |TAMS 0x00000000e2f00000, 0x00000000e2f00000| Untracked 
|  48|0x00000000e3000000, 0x00000000e3000000, 0x00000000e3100000|  0%| F|  |TAMS 0x00000000e3000000, 0x00000000e3000000| Untracked 
|  49|0x00000000e3100000, 0x00000000e3100000, 0x00000000e3200000|  0%| F|  |TAMS 0x00000000e3100000, 0x00000000e3100000| Untracked 
|  50|0x00000000e3200000, 0x00000000e3200000, 0x00000000e3300000|  0%| F|  |TAMS 0x00000000e3200000, 0x00000000e3200000| Untracked 
|  51|0x00000000e3300000, 0x00000000e3300000, 0x00000000e3400000|  0%| F|  |TAMS 0x00000000e3300000, 0x00000000e3300000| Untracked 
|  52|0x00000000e3400000, 0x00000000e3400000, 0x00000000e3500000|  0%| F|  |TAMS 0x00000000e3400000, 0x00000000e3400000| Untracked 
|  53|0x00000000e3500000, 0x00000000e3500000, 0x00000000e3600000|  0%| F|  |TAMS 0x00000000e3500000, 0x00000000e3500000| Untracked 
|  54|0x00000000e3600000, 0x00000000e3600000, 0x00000000e3700000|  0%| F|  |TAMS 0x00000000e3600000, 0x00000000e3600000| Untracked 
|  55|0x00000000e3700000, 0x00000000e3700000, 0x00000000e3800000|  0%| F|  |TAMS 0x00000000e3700000, 0x00000000e3700000| Untracked 
|  56|0x00000000e3800000, 0x00000000e3800000, 0x00000000e3900000|  0%| F|  |TAMS 0x00000000e3800000, 0x00000000e3800000| Untracked 
|  57|0x00000000e3900000, 0x00000000e3900000, 0x00000000e3a00000|  0%| F|  |TAMS 0x00000000e3900000, 0x00000000e3900000| Untracked 
|  58|0x00000000e3a00000, 0x00000000e3a00000, 0x00000000e3b00000|  0%| F|  |TAMS 0x00000000e3a00000, 0x00000000e3a00000| Untracked 
|  59|0x00000000e3b00000, 0x00000000e3b00000, 0x00000000e3c00000|  0%| F|  |TAMS 0x00000000e3b00000, 0x00000000e3b00000| Untracked 
|  60|0x00000000e3c00000, 0x00000000e3c00000, 0x00000000e3d00000|  0%| F|  |TAMS 0x00000000e3c00000, 0x00000000e3c00000| Untracked 
|  61|0x00000000e3d00000, 0x00000000e3d00000, 0x00000000e3e00000|  0%| F|  |TAMS 0x00000000e3d00000, 0x00000000e3d00000| Untracked 
|  62|0x00000000e3e00000, 0x00000000e3e00000, 0x00000000e3f00000|  0%| F|  |TAMS 0x00000000e3e00000, 0x00000000e3e00000| Untracked 
|  63|0x00000000e3f00000, 0x00000000e3f00000, 0x00000000e4000000|  0%| F|  |TAMS 0x00000000e3f00000, 0x00000000e3f00000| Untracked 
|  64|0x00000000e4000000, 0x00000000e4000000, 0x00000000e4100000|  0%| F|  |TAMS 0x00000000e4000000, 0x00000000e4000000| Untracked 
|  65|0x00000000e4100000, 0x00000000e4100000, 0x00000000e4200000|  0%| F|  |TAMS 0x00000000e4100000, 0x00000000e4100000| Untracked 
|  66|0x00000000e4200000, 0x00000000e4200000, 0x00000000e4300000|  0%| F|  |TAMS 0x00000000e4200000, 0x00000000e4200000| Untracked 
|  67|0x00000000e4300000, 0x00000000e4300000, 0x00000000e4400000|  0%| F|  |TAMS 0x00000000e4300000, 0x00000000e4300000| Untracked 
|  68|0x00000000e4400000, 0x00000000e4400000, 0x00000000e4500000|  0%| F|  |TAMS 0x00000000e4400000, 0x00000000e4400000| Untracked 
|  69|0x00000000e4500000, 0x00000000e4500000, 0x00000000e4600000|  0%| F|  |TAMS 0x00000000e4500000, 0x00000000e4500000| Untracked 
|  70|0x00000000e4600000, 0x00000000e4600000, 0x00000000e4700000|  0%| F|  |TAMS 0x00000000e4600000, 0x00000000e4600000| Untracked 
|  71|0x00000000e4700000, 0x00000000e4700000, 0x00000000e4800000|  0%| F|  |TAMS 0x00000000e4700000, 0x00000000e4700000| Untracked 
|  72|0x00000000e4800000, 0x00000000e4800000, 0x00000000e4900000|  0%| F|  |TAMS 0x00000000e4800000, 0x00000000e4800000| Untracked 
|  73|0x00000000e4900000, 0x00000000e4900000, 0x00000000e4a00000|  0%| F|  |TAMS 0x00000000e4900000, 0x00000000e4900000| Untracked 
|  74|0x00000000e4a00000, 0x00000000e4a00000, 0x00000000e4b00000|  0%| F|  |TAMS 0x00000000e4a00000, 0x00000000e4a00000| Untracked 
|  75|0x00000000e4b00000, 0x00000000e4b00000, 0x00000000e4c00000|  0%| F|  |TAMS 0x00000000e4b00000, 0x00000000e4b00000| Untracked 
|  76|0x00000000e4c00000, 0x00000000e4c00000, 0x00000000e4d00000|  0%| F|  |TAMS 0x00000000e4c00000, 0x00000000e4c00000| Untracked 
|  77|0x00000000e4d00000, 0x00000000e4d00000, 0x00000000e4e00000|  0%| F|  |TAMS 0x00000000e4d00000, 0x00000000e4d00000| Untracked 
|  78|0x00000000e4e00000, 0x00000000e4e00000, 0x00000000e4f00000|  0%| F|  |TAMS 0x00000000e4e00000, 0x00000000e4e00000| Untracked 
|  79|0x00000000e4f00000, 0x00000000e4f00000, 0x00000000e5000000|  0%| F|  |TAMS 0x00000000e4f00000, 0x00000000e4f00000| Untracked 
|  80|0x00000000e5000000, 0x00000000e5000000, 0x00000000e5100000|  0%| F|  |TAMS 0x00000000e5000000, 0x00000000e5000000| Untracked 
|  81|0x00000000e5100000, 0x00000000e5100000, 0x00000000e5200000|  0%| F|  |TAMS 0x00000000e5100000, 0x00000000e5100000| Untracked 
|  82|0x00000000e5200000, 0x00000000e5200000, 0x00000000e5300000|  0%| F|  |TAMS 0x00000000e5200000, 0x00000000e5200000| Untracked 
|  83|0x00000000e5300000, 0x00000000e5300000, 0x00000000e5400000|  0%| F|  |TAMS 0x00000000e5300000, 0x00000000e5300000| Untracked 
|  84|0x00000000e5400000, 0x00000000e5400000, 0x00000000e5500000|  0%| F|  |TAMS 0x00000000e5400000, 0x00000000e5400000| Untracked 
|  85|0x00000000e5500000, 0x00000000e5500000, 0x00000000e5600000|  0%| F|  |TAMS 0x00000000e5500000, 0x00000000e5500000| Untracked 
|  86|0x00000000e5600000, 0x00000000e5600000, 0x00000000e5700000|  0%| F|  |TAMS 0x00000000e5600000, 0x00000000e5600000| Untracked 
|  87|0x00000000e5700000, 0x00000000e5700000, 0x00000000e5800000|  0%| F|  |TAMS 0x00000000e5700000, 0x00000000e5700000| Untracked 
|  88|0x00000000e5800000, 0x00000000e5800000, 0x00000000e5900000|  0%| F|  |TAMS 0x00000000e5800000, 0x00000000e5800000| Untracked 
|  89|0x00000000e5900000, 0x00000000e5900000, 0x00000000e5a00000|  0%| F|  |TAMS 0x00000000e5900000, 0x00000000e5900000| Untracked 
|  90|0x00000000e5a00000, 0x00000000e5a00000, 0x00000000e5b00000|  0%| F|  |TAMS 0x00000000e5a00000, 0x00000000e5a00000| Untracked 
|  91|0x00000000e5b00000, 0x00000000e5b00000, 0x00000000e5c00000|  0%| F|  |TAMS 0x00000000e5b00000, 0x00000000e5b00000| Untracked 
|  92|0x00000000e5c00000, 0x00000000e5c00000, 0x00000000e5d00000|  0%| F|  |TAMS 0x00000000e5c00000, 0x00000000e5c00000| Untracked 
|  93|0x00000000e5d00000, 0x00000000e5d00000, 0x00000000e5e00000|  0%| F|  |TAMS 0x00000000e5d00000, 0x00000000e5d00000| Untracked 
|  94|0x00000000e5e00000, 0x00000000e5e00000, 0x00000000e5f00000|  0%| F|  |TAMS 0x00000000e5e00000, 0x00000000e5e00000| Untracked 
|  95|0x00000000e5f00000, 0x00000000e5f00000, 0x00000000e6000000|  0%| F|  |TAMS 0x00000000e5f00000, 0x00000000e5f00000| Untracked 
|  96|0x00000000e6000000, 0x00000000e6000000, 0x00000000e6100000|  0%| F|  |TAMS 0x00000000e6000000, 0x00000000e6000000| Untracked 
|  97|0x00000000e6100000, 0x00000000e6100000, 0x00000000e6200000|  0%| F|  |TAMS 0x00000000e6100000, 0x00000000e6100000| Untracked 
|  98|0x00000000e6200000, 0x00000000e6200000, 0x00000000e6300000|  0%| F|  |TAMS 0x00000000e6200000, 0x00000000e6200000| Untracked 
|  99|0x00000000e6300000, 0x00000000e6300000, 0x00000000e6400000|  0%| F|  |TAMS 0x00000000e6300000, 0x00000000e6300000| Untracked 
| 100|0x00000000e6400000, 0x00000000e6400000, 0x00000000e6500000|  0%| F|  |TAMS 0x00000000e6400000, 0x00000000e6400000| Untracked 
| 101|0x00000000e6500000, 0x00000000e6500000, 0x00000000e6600000|  0%| F|  |TAMS 0x00000000e6500000, 0x00000000e6500000| Untracked 
| 102|0x00000000e6600000, 0x00000000e6600000, 0x00000000e6700000|  0%| F|  |TAMS 0x00000000e6600000, 0x00000000e6600000| Untracked 
| 103|0x00000000e6700000, 0x00000000e6700000, 0x00000000e6800000|  0%| F|  |TAMS 0x00000000e6700000, 0x00000000e6700000| Untracked 
| 104|0x00000000e6800000, 0x00000000e6800000, 0x00000000e6900000|  0%| F|  |TAMS 0x00000000e6800000, 0x00000000e6800000| Untracked 
| 105|0x00000000e6900000, 0x00000000e6900000, 0x00000000e6a00000|  0%| F|  |TAMS 0x00000000e6900000, 0x00000000e6900000| Untracked 
| 106|0x00000000e6a00000, 0x00000000e6a00000, 0x00000000e6b00000|  0%| F|  |TAMS 0x00000000e6a00000, 0x00000000e6a00000| Untracked 
| 107|0x00000000e6b00000, 0x00000000e6b00000, 0x00000000e6c00000|  0%| F|  |TAMS 0x00000000e6b00000, 0x00000000e6b00000| Untracked 
| 108|0x00000000e6c00000, 0x00000000e6c00000, 0x00000000e6d00000|  0%| F|  |TAMS 0x00000000e6c00000, 0x00000000e6c00000| Untracked 
| 109|0x00000000e6d00000, 0x00000000e6d00000, 0x00000000e6e00000|  0%| F|  |TAMS 0x00000000e6d00000, 0x00000000e6d00000| Untracked 
| 110|0x00000000e6e00000, 0x00000000e6e00000, 0x00000000e6f00000|  0%| F|  |TAMS 0x00000000e6e00000, 0x00000000e6e00000| Untracked 
| 111|0x00000000e6f00000, 0x00000000e6f00000, 0x00000000e7000000|  0%| F|  |TAMS 0x00000000e6f00000, 0x00000000e6f00000| Untracked 
| 112|0x00000000e7000000, 0x00000000e7000000, 0x00000000e7100000|  0%| F|  |TAMS 0x00000000e7000000, 0x00000000e7000000| Untracked 
| 113|0x00000000e7100000, 0x00000000e7100000, 0x00000000e7200000|  0%| F|  |TAMS 0x00000000e7100000, 0x00000000e7100000| Untracked 
| 114|0x00000000e7200000, 0x00000000e7200000, 0x00000000e7300000|  0%| F|  |TAMS 0x00000000e7200000, 0x00000000e7200000| Untracked 
| 115|0x00000000e7300000, 0x00000000e7300000, 0x00000000e7400000|  0%| F|  |TAMS 0x00000000e7300000, 0x00000000e7300000| Untracked 
| 116|0x00000000e7400000, 0x00000000e7400000, 0x00000000e7500000|  0%| F|  |TAMS 0x00000000e7400000, 0x00000000e7400000| Untracked 
| 117|0x00000000e7500000, 0x00000000e7500000, 0x00000000e7600000|  0%| F|  |TAMS 0x00000000e7500000, 0x00000000e7500000| Untracked 
| 118|0x00000000e7600000, 0x00000000e7600000, 0x00000000e7700000|  0%| F|  |TAMS 0x00000000e7600000, 0x00000000e7600000| Untracked 
| 119|0x00000000e7700000, 0x00000000e7700000, 0x00000000e7800000|  0%| F|  |TAMS 0x00000000e7700000, 0x00000000e7700000| Untracked 
| 120|0x00000000e7800000, 0x00000000e7800000, 0x00000000e7900000|  0%| F|  |TAMS 0x00000000e7800000, 0x00000000e7800000| Untracked 
| 121|0x00000000e7900000, 0x00000000e7900000, 0x00000000e7a00000|  0%| F|  |TAMS 0x00000000e7900000, 0x00000000e7900000| Untracked 
| 122|0x00000000e7a00000, 0x00000000e7a00000, 0x00000000e7b00000|  0%| F|  |TAMS 0x00000000e7a00000, 0x00000000e7a00000| Untracked 
| 123|0x00000000e7b00000, 0x00000000e7b00000, 0x00000000e7c00000|  0%| F|  |TAMS 0x00000000e7b00000, 0x00000000e7b00000| Untracked 
| 124|0x00000000e7c00000, 0x00000000e7c00000, 0x00000000e7d00000|  0%| F|  |TAMS 0x00000000e7c00000, 0x00000000e7c00000| Untracked 
| 125|0x00000000e7d00000, 0x00000000e7d00000, 0x00000000e7e00000|  0%| F|  |TAMS 0x00000000e7d00000, 0x00000000e7d00000| Untracked 
| 126|0x00000000e7e00000, 0x00000000e7e00000, 0x00000000e7f00000|  0%| F|  |TAMS 0x00000000e7e00000, 0x00000000e7e00000| Untracked 
| 127|0x00000000e7f00000, 0x00000000e7f00000, 0x00000000e8000000|  0%| F|  |TAMS 0x00000000e7f00000, 0x00000000e7f00000| Untracked 
| 128|0x00000000e8000000, 0x00000000e8000000, 0x00000000e8100000|  0%| F|  |TAMS 0x00000000e8000000, 0x00000000e8000000| Untracked 
| 129|0x00000000e8100000, 0x00000000e8100000, 0x00000000e8200000|  0%| F|  |TAMS 0x00000000e8100000, 0x00000000e8100000| Untracked 
| 130|0x00000000e8200000, 0x00000000e8200000, 0x00000000e8300000|  0%| F|  |TAMS 0x00000000e8200000, 0x00000000e8200000| Untracked 
| 131|0x00000000e8300000, 0x00000000e8300000, 0x00000000e8400000|  0%| F|  |TAMS 0x00000000e8300000, 0x00000000e8300000| Untracked 
| 132|0x00000000e8400000, 0x00000000e8400000, 0x00000000e8500000|  0%| F|  |TAMS 0x00000000e8400000, 0x00000000e8400000| Untracked 
| 133|0x00000000e8500000, 0x00000000e8500000, 0x00000000e8600000|  0%| F|  |TAMS 0x00000000e8500000, 0x00000000e8500000| Untracked 
| 134|0x00000000e8600000, 0x00000000e8600000, 0x00000000e8700000|  0%| F|  |TAMS 0x00000000e8600000, 0x00000000e8600000| Untracked 
| 135|0x00000000e8700000, 0x00000000e8700000, 0x00000000e8800000|  0%| F|  |TAMS 0x00000000e8700000, 0x00000000e8700000| Untracked 
| 136|0x00000000e8800000, 0x00000000e8800000, 0x00000000e8900000|  0%| F|  |TAMS 0x00000000e8800000, 0x00000000e8800000| Untracked 
| 137|0x00000000e8900000, 0x00000000e8900000, 0x00000000e8a00000|  0%| F|  |TAMS 0x00000000e8900000, 0x00000000e8900000| Untracked 
| 138|0x00000000e8a00000, 0x00000000e8a00000, 0x00000000e8b00000|  0%| F|  |TAMS 0x00000000e8a00000, 0x00000000e8a00000| Untracked 
| 139|0x00000000e8b00000, 0x00000000e8b00000, 0x00000000e8c00000|  0%| F|  |TAMS 0x00000000e8b00000, 0x00000000e8b00000| Untracked 
| 140|0x00000000e8c00000, 0x00000000e8c00000, 0x00000000e8d00000|  0%| F|  |TAMS 0x00000000e8c00000, 0x00000000e8c00000| Untracked 
| 141|0x00000000e8d00000, 0x00000000e8d00000, 0x00000000e8e00000|  0%| F|  |TAMS 0x00000000e8d00000, 0x00000000e8d00000| Untracked 
| 142|0x00000000e8e00000, 0x00000000e8e00000, 0x00000000e8f00000|  0%| F|  |TAMS 0x00000000e8e00000, 0x00000000e8e00000| Untracked 
| 143|0x00000000e8f00000, 0x00000000e8f00000, 0x00000000e9000000|  0%| F|  |TAMS 0x00000000e8f00000, 0x00000000e8f00000| Untracked 
| 144|0x00000000e9000000, 0x00000000e9000000, 0x00000000e9100000|  0%| F|  |TAMS 0x00000000e9000000, 0x00000000e9000000| Untracked 
| 145|0x00000000e9100000, 0x00000000e9100000, 0x00000000e9200000|  0%| F|  |TAMS 0x00000000e9100000, 0x00000000e9100000| Untracked 
| 146|0x00000000e9200000, 0x00000000e9200000, 0x00000000e9300000|  0%| F|  |TAMS 0x00000000e9200000, 0x00000000e9200000| Untracked 
| 147|0x00000000e9300000, 0x00000000e9300000, 0x00000000e9400000|  0%| F|  |TAMS 0x00000000e9300000, 0x00000000e9300000| Untracked 
| 148|0x00000000e9400000, 0x00000000e9400000, 0x00000000e9500000|  0%| F|  |TAMS 0x00000000e9400000, 0x00000000e9400000| Untracked 
| 149|0x00000000e9500000, 0x00000000e9500000, 0x00000000e9600000|  0%| F|  |TAMS 0x00000000e9500000, 0x00000000e9500000| Untracked 
| 150|0x00000000e9600000, 0x00000000e9600000, 0x00000000e9700000|  0%| F|  |TAMS 0x00000000e9600000, 0x00000000e9600000| Untracked 
| 151|0x00000000e9700000, 0x00000000e9700000, 0x00000000e9800000|  0%| F|  |TAMS 0x00000000e9700000, 0x00000000e9700000| Untracked 
| 152|0x00000000e9800000, 0x00000000e9800000, 0x00000000e9900000|  0%| F|  |TAMS 0x00000000e9800000, 0x00000000e9800000| Untracked 
| 153|0x00000000e9900000, 0x00000000e9900000, 0x00000000e9a00000|  0%| F|  |TAMS 0x00000000e9900000, 0x00000000e9900000| Untracked 
| 154|0x00000000e9a00000, 0x00000000e9a00000, 0x00000000e9b00000|  0%| F|  |TAMS 0x00000000e9a00000, 0x00000000e9a00000| Untracked 
| 155|0x00000000e9b00000, 0x00000000e9b00000, 0x00000000e9c00000|  0%| F|  |TAMS 0x00000000e9b00000, 0x00000000e9b00000| Untracked 
| 156|0x00000000e9c00000, 0x00000000e9c00000, 0x00000000e9d00000|  0%| F|  |TAMS 0x00000000e9c00000, 0x00000000e9c00000| Untracked 
| 157|0x00000000e9d00000, 0x00000000e9d00000, 0x00000000e9e00000|  0%| F|  |TAMS 0x00000000e9d00000, 0x00000000e9d00000| Untracked 
| 158|0x00000000e9e00000, 0x00000000e9e00000, 0x00000000e9f00000|  0%| F|  |TAMS 0x00000000e9e00000, 0x00000000e9e00000| Untracked 
| 159|0x00000000e9f00000, 0x00000000e9f00000, 0x00000000ea000000|  0%| F|  |TAMS 0x00000000e9f00000, 0x00000000e9f00000| Untracked 
| 160|0x00000000ea000000, 0x00000000ea000000, 0x00000000ea100000|  0%| F|  |TAMS 0x00000000ea000000, 0x00000000ea000000| Untracked 
| 161|0x00000000ea100000, 0x00000000ea100000, 0x00000000ea200000|  0%| F|  |TAMS 0x00000000ea100000, 0x00000000ea100000| Untracked 
| 162|0x00000000ea200000, 0x00000000ea200000, 0x00000000ea300000|  0%| F|  |TAMS 0x00000000ea200000, 0x00000000ea200000| Untracked 
| 163|0x00000000ea300000, 0x00000000ea300000, 0x00000000ea400000|  0%| F|  |TAMS 0x00000000ea300000, 0x00000000ea300000| Untracked 
| 164|0x00000000ea400000, 0x00000000ea400000, 0x00000000ea500000|  0%| F|  |TAMS 0x00000000ea400000, 0x00000000ea400000| Untracked 
| 165|0x00000000ea500000, 0x00000000ea500000, 0x00000000ea600000|  0%| F|  |TAMS 0x00000000ea500000, 0x00000000ea500000| Untracked 
| 166|0x00000000ea600000, 0x00000000ea600000, 0x00000000ea700000|  0%| F|  |TAMS 0x00000000ea600000, 0x00000000ea600000| Untracked 
| 167|0x00000000ea700000, 0x00000000ea700000, 0x00000000ea800000|  0%| F|  |TAMS 0x00000000ea700000, 0x00000000ea700000| Untracked 
| 168|0x00000000ea800000, 0x00000000ea800000, 0x00000000ea900000|  0%| F|  |TAMS 0x00000000ea800000, 0x00000000ea800000| Untracked 
| 169|0x00000000ea900000, 0x00000000ea900000, 0x00000000eaa00000|  0%| F|  |TAMS 0x00000000ea900000, 0x00000000ea900000| Untracked 
| 170|0x00000000eaa00000, 0x00000000eaa00000, 0x00000000eab00000|  0%| F|  |TAMS 0x00000000eaa00000, 0x00000000eaa00000| Untracked 
| 171|0x00000000eab00000, 0x00000000eab00000, 0x00000000eac00000|  0%| F|  |TAMS 0x00000000eab00000, 0x00000000eab00000| Untracked 
| 172|0x00000000eac00000, 0x00000000eac00000, 0x00000000ead00000|  0%| F|  |TAMS 0x00000000eac00000, 0x00000000eac00000| Untracked 
| 173|0x00000000ead00000, 0x00000000ead00000, 0x00000000eae00000|  0%| F|  |TAMS 0x00000000ead00000, 0x00000000ead00000| Untracked 
| 174|0x00000000eae00000, 0x00000000eae00000, 0x00000000eaf00000|  0%| F|  |TAMS 0x00000000eae00000, 0x00000000eae00000| Untracked 
| 175|0x00000000eaf00000, 0x00000000eaf00000, 0x00000000eb000000|  0%| F|  |TAMS 0x00000000eaf00000, 0x00000000eaf00000| Untracked 
| 176|0x00000000eb000000, 0x00000000eb000000, 0x00000000eb100000|  0%| F|  |TAMS 0x00000000eb000000, 0x00000000eb000000| Untracked 
| 177|0x00000000eb100000, 0x00000000eb100000, 0x00000000eb200000|  0%| F|  |TAMS 0x00000000eb100000, 0x00000000eb100000| Untracked 
| 178|0x00000000eb200000, 0x00000000eb200000, 0x00000000eb300000|  0%| F|  |TAMS 0x00000000eb200000, 0x00000000eb200000| Untracked 
| 179|0x00000000eb300000, 0x00000000eb300000, 0x00000000eb400000|  0%| F|  |TAMS 0x00000000eb300000, 0x00000000eb300000| Untracked 
| 180|0x00000000eb400000, 0x00000000eb400000, 0x00000000eb500000|  0%| F|  |TAMS 0x00000000eb400000, 0x00000000eb400000| Untracked 
| 181|0x00000000eb500000, 0x00000000eb500000, 0x00000000eb600000|  0%| F|  |TAMS 0x00000000eb500000, 0x00000000eb500000| Untracked 
| 182|0x00000000eb600000, 0x00000000eb600000, 0x00000000eb700000|  0%| F|  |TAMS 0x00000000eb600000, 0x00000000eb600000| Untracked 
| 183|0x00000000eb700000, 0x00000000eb700000, 0x00000000eb800000|  0%| F|  |TAMS 0x00000000eb700000, 0x00000000eb700000| Untracked 
| 184|0x00000000eb800000, 0x00000000eb800000, 0x00000000eb900000|  0%| F|  |TAMS 0x00000000eb800000, 0x00000000eb800000| Untracked 
| 185|0x00000000eb900000, 0x00000000eb900000, 0x00000000eba00000|  0%| F|  |TAMS 0x00000000eb900000, 0x00000000eb900000| Untracked 
| 186|0x00000000eba00000, 0x00000000eba00000, 0x00000000ebb00000|  0%| F|  |TAMS 0x00000000eba00000, 0x00000000eba00000| Untracked 
| 187|0x00000000ebb00000, 0x00000000ebb00000, 0x00000000ebc00000|  0%| F|  |TAMS 0x00000000ebb00000, 0x00000000ebb00000| Untracked 
| 188|0x00000000ebc00000, 0x00000000ebc00000, 0x00000000ebd00000|  0%| F|  |TAMS 0x00000000ebc00000, 0x00000000ebc00000| Untracked 
| 189|0x00000000ebd00000, 0x00000000ebd00000, 0x00000000ebe00000|  0%| F|  |TAMS 0x00000000ebd00000, 0x00000000ebd00000| Untracked 
| 190|0x00000000ebe00000, 0x00000000ebe00000, 0x00000000ebf00000|  0%| F|  |TAMS 0x00000000ebe00000, 0x00000000ebe00000| Untracked 
| 191|0x00000000ebf00000, 0x00000000ebf00000, 0x00000000ec000000|  0%| F|  |TAMS 0x00000000ebf00000, 0x00000000ebf00000| Untracked 
| 192|0x00000000ec000000, 0x00000000ec000000, 0x00000000ec100000|  0%| F|  |TAMS 0x00000000ec000000, 0x00000000ec000000| Untracked 
| 193|0x00000000ec100000, 0x00000000ec100000, 0x00000000ec200000|  0%| F|  |TAMS 0x00000000ec100000, 0x00000000ec100000| Untracked 
| 194|0x00000000ec200000, 0x00000000ec200000, 0x00000000ec300000|  0%| F|  |TAMS 0x00000000ec200000, 0x00000000ec200000| Untracked 
| 195|0x00000000ec300000, 0x00000000ec300000, 0x00000000ec400000|  0%| F|  |TAMS 0x00000000ec300000, 0x00000000ec300000| Untracked 
| 196|0x00000000ec400000, 0x00000000ec400000, 0x00000000ec500000|  0%| F|  |TAMS 0x00000000ec400000, 0x00000000ec400000| Untracked 
| 197|0x00000000ec500000, 0x00000000ec500000, 0x00000000ec600000|  0%| F|  |TAMS 0x00000000ec500000, 0x00000000ec500000| Untracked 
| 198|0x00000000ec600000, 0x00000000ec600000, 0x00000000ec700000|  0%| F|  |TAMS 0x00000000ec600000, 0x00000000ec600000| Untracked 
| 199|0x00000000ec700000, 0x00000000ec700000, 0x00000000ec800000|  0%| F|  |TAMS 0x00000000ec700000, 0x00000000ec700000| Untracked 
| 200|0x00000000ec800000, 0x00000000ec800000, 0x00000000ec900000|  0%| F|  |TAMS 0x00000000ec800000, 0x00000000ec800000| Untracked 
| 201|0x00000000ec900000, 0x00000000ec900000, 0x00000000eca00000|  0%| F|  |TAMS 0x00000000ec900000, 0x00000000ec900000| Untracked 
| 202|0x00000000eca00000, 0x00000000eca00000, 0x00000000ecb00000|  0%| F|  |TAMS 0x00000000eca00000, 0x00000000eca00000| Untracked 
| 203|0x00000000ecb00000, 0x00000000ecb00000, 0x00000000ecc00000|  0%| F|  |TAMS 0x00000000ecb00000, 0x00000000ecb00000| Untracked 
| 204|0x00000000ecc00000, 0x00000000ecc00000, 0x00000000ecd00000|  0%| F|  |TAMS 0x00000000ecc00000, 0x00000000ecc00000| Untracked 
| 205|0x00000000ecd00000, 0x00000000ecd00000, 0x00000000ece00000|  0%| F|  |TAMS 0x00000000ecd00000, 0x00000000ecd00000| Untracked 
| 206|0x00000000ece00000, 0x00000000ece00000, 0x00000000ecf00000|  0%| F|  |TAMS 0x00000000ece00000, 0x00000000ece00000| Untracked 
| 207|0x00000000ecf00000, 0x00000000ecf00000, 0x00000000ed000000|  0%| F|  |TAMS 0x00000000ecf00000, 0x00000000ecf00000| Untracked 
| 208|0x00000000ed000000, 0x00000000ed000000, 0x00000000ed100000|  0%| F|  |TAMS 0x00000000ed000000, 0x00000000ed000000| Untracked 
| 209|0x00000000ed100000, 0x00000000ed100000, 0x00000000ed200000|  0%| F|  |TAMS 0x00000000ed100000, 0x00000000ed100000| Untracked 
| 210|0x00000000ed200000, 0x00000000ed200000, 0x00000000ed300000|  0%| F|  |TAMS 0x00000000ed200000, 0x00000000ed200000| Untracked 
| 211|0x00000000ed300000, 0x00000000ed300000, 0x00000000ed400000|  0%| F|  |TAMS 0x00000000ed300000, 0x00000000ed300000| Untracked 
| 212|0x00000000ed400000, 0x00000000ed400000, 0x00000000ed500000|  0%| F|  |TAMS 0x00000000ed400000, 0x00000000ed400000| Untracked 
| 213|0x00000000ed500000, 0x00000000ed500000, 0x00000000ed600000|  0%| F|  |TAMS 0x00000000ed500000, 0x00000000ed500000| Untracked 
| 214|0x00000000ed600000, 0x00000000ed600000, 0x00000000ed700000|  0%| F|  |TAMS 0x00000000ed600000, 0x00000000ed600000| Untracked 
| 215|0x00000000ed700000, 0x00000000ed700000, 0x00000000ed800000|  0%| F|  |TAMS 0x00000000ed700000, 0x00000000ed700000| Untracked 
| 216|0x00000000ed800000, 0x00000000ed800000, 0x00000000ed900000|  0%| F|  |TAMS 0x00000000ed800000, 0x00000000ed800000| Untracked 
| 217|0x00000000ed900000, 0x00000000ed900000, 0x00000000eda00000|  0%| F|  |TAMS 0x00000000ed900000, 0x00000000ed900000| Untracked 
| 218|0x00000000eda00000, 0x00000000edb00000, 0x00000000edb00000|100%| E|  |TAMS 0x00000000eda00000, 0x00000000eda00000| Complete 
| 219|0x00000000edb00000, 0x00000000edc00000, 0x00000000edc00000|100%| E|CS|TAMS 0x00000000edb00000, 0x00000000edb00000| Complete 
| 220|0x00000000edc00000, 0x00000000edd00000, 0x00000000edd00000|100%| E|CS|TAMS 0x00000000edc00000, 0x00000000edc00000| Complete 
| 221|0x00000000edd00000, 0x00000000ede00000, 0x00000000ede00000|100%| E|CS|TAMS 0x00000000edd00000, 0x00000000edd00000| Complete 
| 222|0x00000000ede00000, 0x00000000edf00000, 0x00000000edf00000|100%| E|CS|TAMS 0x00000000ede00000, 0x00000000ede00000| Complete 
| 223|0x00000000edf00000, 0x00000000ee000000, 0x00000000ee000000|100%| E|CS|TAMS 0x00000000edf00000, 0x00000000edf00000| Complete 
| 224|0x00000000ee000000, 0x00000000ee100000, 0x00000000ee100000|100%| E|CS|TAMS 0x00000000ee000000, 0x00000000ee000000| Complete 
| 225|0x00000000ee100000, 0x00000000ee200000, 0x00000000ee200000|100%| E|CS|TAMS 0x00000000ee100000, 0x00000000ee100000| Complete 
| 226|0x00000000ee200000, 0x00000000ee300000, 0x00000000ee300000|100%| E|CS|TAMS 0x00000000ee200000, 0x00000000ee200000| Complete 
| 227|0x00000000ee300000, 0x00000000ee400000, 0x00000000ee400000|100%| E|CS|TAMS 0x00000000ee300000, 0x00000000ee300000| Complete 
| 228|0x00000000ee400000, 0x00000000ee500000, 0x00000000ee500000|100%| E|CS|TAMS 0x00000000ee400000, 0x00000000ee400000| Complete 
| 229|0x00000000ee500000, 0x00000000ee600000, 0x00000000ee600000|100%| E|CS|TAMS 0x00000000ee500000, 0x00000000ee500000| Complete 
| 230|0x00000000ee600000, 0x00000000ee6eae68, 0x00000000ee700000| 91%| S|CS|TAMS 0x00000000ee600000, 0x00000000ee600000| Complete 
| 231|0x00000000ee700000, 0x00000000ee800000, 0x00000000ee800000|100%| S|CS|TAMS 0x00000000ee700000, 0x00000000ee700000| Complete 
| 232|0x00000000ee800000, 0x00000000ee900000, 0x00000000ee900000|100%| S|CS|TAMS 0x00000000ee800000, 0x00000000ee800000| Complete 
| 233|0x00000000ee900000, 0x00000000eea00000, 0x00000000eea00000|100%| E|CS|TAMS 0x00000000ee900000, 0x00000000ee900000| Complete 
| 234|0x00000000eea00000, 0x00000000eeb00000, 0x00000000eeb00000|100%| E|CS|TAMS 0x00000000eea00000, 0x00000000eea00000| Complete 
| 235|0x00000000eeb00000, 0x00000000eec00000, 0x00000000eec00000|100%| E|CS|TAMS 0x00000000eeb00000, 0x00000000eeb00000| Complete 
| 236|0x00000000eec00000, 0x00000000eed00000, 0x00000000eed00000|100%| E|CS|TAMS 0x00000000eec00000, 0x00000000eec00000| Complete 
| 237|0x00000000eed00000, 0x00000000eee00000, 0x00000000eee00000|100%| E|CS|TAMS 0x00000000eed00000, 0x00000000eed00000| Complete 
| 238|0x00000000eee00000, 0x00000000eef00000, 0x00000000eef00000|100%| E|CS|TAMS 0x00000000eee00000, 0x00000000eee00000| Complete 
| 239|0x00000000eef00000, 0x00000000ef000000, 0x00000000ef000000|100%| E|CS|TAMS 0x00000000eef00000, 0x00000000eef00000| Complete 
| 240|0x00000000ef000000, 0x00000000ef100000, 0x00000000ef100000|100%| E|CS|TAMS 0x00000000ef000000, 0x00000000ef000000| Complete 
| 241|0x00000000ef100000, 0x00000000ef200000, 0x00000000ef200000|100%| E|CS|TAMS 0x00000000ef100000, 0x00000000ef100000| Complete 
| 242|0x00000000ef200000, 0x00000000ef300000, 0x00000000ef300000|100%| E|CS|TAMS 0x00000000ef200000, 0x00000000ef200000| Complete 
| 243|0x00000000ef300000, 0x00000000ef400000, 0x00000000ef400000|100%| E|CS|TAMS 0x00000000ef300000, 0x00000000ef300000| Complete 
| 244|0x00000000ef400000, 0x00000000ef500000, 0x00000000ef500000|100%| E|CS|TAMS 0x00000000ef400000, 0x00000000ef400000| Complete 
| 245|0x00000000ef500000, 0x00000000ef600000, 0x00000000ef600000|100%| E|CS|TAMS 0x00000000ef500000, 0x00000000ef500000| Complete 
| 246|0x00000000ef600000, 0x00000000ef700000, 0x00000000ef700000|100%| E|CS|TAMS 0x00000000ef600000, 0x00000000ef600000| Complete 
| 247|0x00000000ef700000, 0x00000000ef800000, 0x00000000ef800000|100%| E|CS|TAMS 0x00000000ef700000, 0x00000000ef700000| Complete 
| 248|0x00000000ef800000, 0x00000000ef900000, 0x00000000ef900000|100%| E|CS|TAMS 0x00000000ef800000, 0x00000000ef800000| Complete 
| 249|0x00000000ef900000, 0x00000000efa00000, 0x00000000efa00000|100%| E|CS|TAMS 0x00000000ef900000, 0x00000000ef900000| Complete 
| 250|0x00000000efa00000, 0x00000000efb00000, 0x00000000efb00000|100%| E|CS|TAMS 0x00000000efa00000, 0x00000000efa00000| Complete 
| 251|0x00000000efb00000, 0x00000000efc00000, 0x00000000efc00000|100%| E|CS|TAMS 0x00000000efb00000, 0x00000000efb00000| Complete 
| 252|0x00000000efc00000, 0x00000000efd00000, 0x00000000efd00000|100%| E|CS|TAMS 0x00000000efc00000, 0x00000000efc00000| Complete 
| 253|0x00000000efd00000, 0x00000000efe00000, 0x00000000efe00000|100%| E|CS|TAMS 0x00000000efd00000, 0x00000000efd00000| Complete 
| 254|0x00000000efe00000, 0x00000000eff00000, 0x00000000eff00000|100%| E|CS|TAMS 0x00000000efe00000, 0x00000000efe00000| Complete 
| 255|0x00000000eff00000, 0x00000000f0000000, 0x00000000f0000000|100%| E|CS|TAMS 0x00000000eff00000, 0x00000000eff00000| Complete 

Card table byte_map: [0x0000025ca50e0000,0x0000025ca51e0000] _byte_map_base: 0x0000025ca49e0000

Marking Bits (Prev, Next): (CMBitMap*) 0x0000025c8bfcae70, (CMBitMap*) 0x0000025c8bfcaeb0
 Prev Bits: [0x0000025ca52e0000, 0x0000025ca5ae0000)
 Next Bits: [0x0000025ca5ae0000, 0x0000025ca62e0000)

Polling page: 0x0000025c8bde0000

Metaspace:

Usage:
  Non-class:      9.59 MB capacity,     9.40 MB ( 98%) used,   187.50 KB (  2%) free+waste,    16.88 KB ( <1%) overhead. 
      Class:      1.55 MB capacity,     1.48 MB ( 95%) used,    64.25 KB (  4%) free+waste,     8.31 KB ( <1%) overhead. 
       Both:     11.14 MB capacity,    10.87 MB ( 98%) used,   251.75 KB (  2%) free+waste,    25.19 KB ( <1%) overhead. 

Virtual space:
  Non-class space:       10.00 MB reserved,       9.75 MB ( 98%) committed 
      Class space:      248.00 MB reserved,       1.62 MB ( <1%) committed 
             Both:      258.00 MB reserved,      11.38 MB (  4%) committed 

Chunk freelists:
   Non-Class:  31.00 KB
       Class:  13.00 KB
        Both:  44.00 KB

MaxMetaspaceSize: 256.00 MB
CompressedClassSpaceSize: 248.00 MB

CodeHeap 'non-profiled nmethods': size=120000Kb used=895Kb max_used=895Kb free=119104Kb
 bounds [0x0000025c9d490000, 0x0000025c9d700000, 0x0000025ca49c0000]
CodeHeap 'profiled nmethods': size=120000Kb used=3819Kb max_used=3819Kb free=116180Kb
 bounds [0x0000025c95f60000, 0x0000025c96320000, 0x0000025c9d490000]
CodeHeap 'non-nmethods': size=5760Kb used=1209Kb max_used=1229Kb free=4550Kb
 bounds [0x0000025c959c0000, 0x0000025c95c30000, 0x0000025c95f60000]
 total_blobs=2327 nmethods=1846 adapters=394
 compilation: enabled
              stopped_count=0, restarted_count=0
 full_count=0

Compilation events (20 events):
Event: 6.878 Thread 0x0000025ca88ba410 nmethod 1837 0x0000025c96312290 code [0x0000025c96312480, 0x0000025c963129e8]
Event: 6.887 Thread 0x0000025ca88ba410 1838   !   3       jdk.internal.reflect.ReflectionFactory::checkInitted (100 bytes)
Event: 6.889 Thread 0x0000025ca88ba410 nmethod 1838 0x0000025c96312b90 code [0x0000025c96312ea0, 0x0000025c96313ee8]
Event: 6.889 Thread 0x0000025ca88ba410 1839       3       java.lang.reflect.ReflectAccess::getRoot (5 bytes)
Event: 6.889 Thread 0x0000025ca88ba410 nmethod 1839 0x0000025c96314390 code [0x0000025c96314540, 0x0000025c96314708]
Event: 6.904 Thread 0x0000025ca88b8a50 1840       4       jdk.internal.util.jar.JarIndex::get (49 bytes)
Event: 6.928 Thread 0x0000025ca88ba410 1841       3       java.lang.invoke.MethodType::changeReturnType (20 bytes)
Event: 6.929 Thread 0x0000025ca88ba410 nmethod 1841 0x0000025c96314810 code [0x0000025c963149c0, 0x0000025c96314b68]
Event: 6.959 Thread 0x0000025ca88b8a50 nmethod 1840 0x0000025c9d56dc90 code [0x0000025c9d56dea0, 0x0000025c9d56f118]
Event: 6.963 Thread 0x0000025ca88ba410 1842       1       java.lang.invoke.MethodHandleImpl::isCompileConstant (2 bytes)
Event: 6.963 Thread 0x0000025ca88ba410 nmethod 1842 0x0000025c9d56fc10 code [0x0000025c9d56fda0, 0x0000025c9d56fe38]
Event: 6.963 Thread 0x0000025ca88ba410 1843       3       sun.invoke.util.VerifyAccess::isMemberAccessible (338 bytes)
Event: 6.967 Thread 0x0000025ca88ba410 nmethod 1843 0x0000025c96314c10 code [0x0000025c963150e0, 0x0000025c96317308]
Event: 6.971 Thread 0x0000025ca88ba410 1844       3       java.util.regex.Pattern::expr (142 bytes)
Event: 6.972 Thread 0x0000025ca88ba410 nmethod 1844 0x0000025c96317d10 code [0x0000025c96317f60, 0x0000025c96318a48]
Event: 6.972 Thread 0x0000025ca88ba410 1846   !   3       java.util.regex.Pattern::RemoveQEQuoting (370 bytes)
Event: 6.974 Thread 0x0000025ca88ba410 nmethod 1846 0x0000025c96318e10 code [0x0000025c963190e0, 0x0000025c9631a2c8]
Event: 6.974 Thread 0x0000025ca88ba410 1845       3       java.util.regex.Pattern$Node::study (21 bytes)
Event: 6.974 Thread 0x0000025ca88ba410 nmethod 1845 0x0000025c9631a990 code [0x0000025c9631ab40, 0x0000025c9631ad68]
Event: 7.039 Thread 0x0000025ca88ba410 1847       1       java.util.concurrent.atomic.AtomicInteger::get (5 bytes)

GC Heap History (6 events):
Event: 1.995 GC heap before
{Heap before GC invocations=0 (full 0):
 garbage-first heap   total 262144K, used 18432K [0x00000000e0000000, 0x0000000100000000)
  region size 1024K, 13 young (13312K), 0 survivors (0K)
 Metaspace       used 1637K, capacity 5081K, committed 5120K, reserved 262144K
  class space    used 153K, capacity 499K, committed 512K, reserved 253952K
}
Event: 2.008 GC heap after
{Heap after GC invocations=1 (full 0):
 garbage-first heap   total 262144K, used 8002K [0x00000000e0000000, 0x0000000100000000)
  region size 1024K, 2 young (2048K), 2 survivors (2048K)
 Metaspace       used 1637K, capacity 5081K, committed 5120K, reserved 262144K
  class space    used 153K, capacity 499K, committed 512K, reserved 253952K
}
Event: 3.008 GC heap before
{Heap before GC invocations=1 (full 0):
 garbage-first heap   total 262144K, used 20290K [0x00000000e0000000, 0x0000000100000000)
  region size 1024K, 14 young (14336K), 2 survivors (2048K)
 Metaspace       used 3977K, capacity 6533K, committed 6656K, reserved 262144K
  class space    used 482K, capacity 727K, committed 768K, reserved 253952K
}
Event: 3.012 GC heap after
{Heap after GC invocations=2 (full 0):
 garbage-first heap   total 262144K, used 8971K [0x00000000e0000000, 0x0000000100000000)
  region size 1024K, 1 young (1024K), 1 survivors (1024K)
 Metaspace       used 3977K, capacity 6533K, committed 6656K, reserved 262144K
  class space    used 482K, capacity 727K, committed 768K, reserved 253952K
}
Event: 3.502 GC heap before
{Heap before GC invocations=2 (full 0):
 garbage-first heap   total 262144K, used 30475K [0x00000000e0000000, 0x0000000100000000)
  region size 1024K, 23 young (23552K), 1 survivors (1024K)
 Metaspace       used 4085K, capacity 6533K, committed 6656K, reserved 262144K
  class space    used 482K, capacity 727K, committed 768K, reserved 253952K
}
Event: 3.505 GC heap after
{Heap after GC invocations=3 (full 0):
 garbage-first heap   total 262144K, used 11155K [0x00000000e0000000, 0x0000000100000000)
  region size 1024K, 3 young (3072K), 3 survivors (3072K)
 Metaspace       used 4085K, capacity 6533K, committed 6656K, reserved 262144K
  class space    used 482K, capacity 727K, committed 768K, reserved 253952K
}

Deoptimization events (20 events):
Event: 6.113 Thread 0x0000025cab1e45f0 Uncommon trap: trap_request=0xffffffc6 fr.pc=0x0000025c9d4e69a0 relative=0x0000000000000540
Event: 6.113 Thread 0x0000025cab1e45f0 Uncommon trap: reason=bimorphic_or_optimized_type_check action=maybe_recompile pc=0x0000025c9d4e69a0 method=java.util.concurrent.ConcurrentHashMap.get(Ljava/lang/Object;)Ljava/lang/Object; @ 149 c2
Event: 6.114 Thread 0x0000025cab1e45f0 DEOPT PACKING pc=0x0000025c9d4e69a0 sp=0x000000828c1fdb20
Event: 6.114 Thread 0x0000025cab1e45f0 DEOPT UNPACKING pc=0x0000025c95a0e42f sp=0x000000828c1fdac0 mode 2
Event: 6.114 Thread 0x0000025cab1e45f0 Uncommon trap: trap_request=0xffffffc6 fr.pc=0x0000025c9d4e69a0 relative=0x0000000000000540
Event: 6.114 Thread 0x0000025cab1e45f0 Uncommon trap: reason=bimorphic_or_optimized_type_check action=maybe_recompile pc=0x0000025c9d4e69a0 method=java.util.concurrent.ConcurrentHashMap.get(Ljava/lang/Object;)Ljava/lang/Object; @ 149 c2
Event: 6.114 Thread 0x0000025cab1e45f0 DEOPT PACKING pc=0x0000025c9d4e69a0 sp=0x000000828c1fdb50
Event: 6.114 Thread 0x0000025cab1e45f0 DEOPT UNPACKING pc=0x0000025c95a0e42f sp=0x000000828c1fdaf0 mode 2
Event: 6.114 Thread 0x0000025cab1e45f0 Uncommon trap: trap_request=0xffffffc6 fr.pc=0x0000025c9d4e69a0 relative=0x0000000000000540
Event: 6.114 Thread 0x0000025cab1e45f0 Uncommon trap: reason=bimorphic_or_optimized_type_check action=maybe_recompile pc=0x0000025c9d4e69a0 method=java.util.concurrent.ConcurrentHashMap.get(Ljava/lang/Object;)Ljava/lang/Object; @ 149 c2
Event: 6.114 Thread 0x0000025cab1e45f0 DEOPT PACKING pc=0x0000025c9d4e69a0 sp=0x000000828c1fdc60
Event: 6.114 Thread 0x0000025cab1e45f0 DEOPT UNPACKING pc=0x0000025c95a0e42f sp=0x000000828c1fdc00 mode 2
Event: 6.251 Thread 0x0000025caaac4680 Uncommon trap: trap_request=0xffffffc6 fr.pc=0x0000025c9d544240 relative=0x0000000000000ec0
Event: 6.251 Thread 0x0000025caaac4680 Uncommon trap: reason=bimorphic_or_optimized_type_check action=maybe_recompile pc=0x0000025c9d544240 method=java.util.HashMap.putVal(ILjava/lang/Object;Ljava/lang/Object;ZZ)Ljava/lang/Object; @ 253 c2
Event: 6.251 Thread 0x0000025caaac4680 DEOPT PACKING pc=0x0000025c9d544240 sp=0x000000828c3feb50
Event: 6.251 Thread 0x0000025caaac4680 DEOPT UNPACKING pc=0x0000025c95a0e42f sp=0x000000828c3feaf0 mode 2
Event: 6.252 Thread 0x0000025caaac4680 Uncommon trap: trap_request=0xffffffc6 fr.pc=0x0000025c9d544240 relative=0x0000000000000ec0
Event: 6.252 Thread 0x0000025caaac4680 Uncommon trap: reason=bimorphic_or_optimized_type_check action=maybe_recompile pc=0x0000025c9d544240 method=java.util.HashMap.putVal(ILjava/lang/Object;Ljava/lang/Object;ZZ)Ljava/lang/Object; @ 253 c2
Event: 6.252 Thread 0x0000025caaac4680 DEOPT PACKING pc=0x0000025c9d544240 sp=0x000000828c3fec40
Event: 6.252 Thread 0x0000025caaac4680 DEOPT UNPACKING pc=0x0000025c95a0e42f sp=0x000000828c3febe0 mode 2

Classes unloaded (0 events):
No events

Classes redefined (0 events):
No events

Internal exceptions (20 events):
Event: 4.838 Thread 0x0000025c8bfa57d0 Exception <a 'java/lang/NoSuchMethodError'{0x00000000eedbe700}: 'void java.lang.invoke.DelegatingMethodHandle$Holder.delegate(java.lang.Object, java.lang.Object, int, java.lang.Object)'> (0x00000000eedbe700) 
thrown [./open/src/hotspot/share/interpreter/linkResolver.cpp, line 782]
Event: 4.846 Thread 0x0000025c8bfa57d0 Exception <a 'java/lang/NoSuchMethodError'{0x00000000eeddb4a0}: 'java.lang.Object java.lang.invoke.Invokers$Holder.invokeExact_MT(java.lang.Object, java.lang.Object, java.lang.Object, java.lang.Object)'> (0x00000000eeddb4a0) 
thrown [./open/src/hotspot/share/interpreter/linkResolver.cpp, line 782]
Event: 4.919 Thread 0x0000025c8bfa57d0 Exception <a 'java/lang/NoSuchMethodError'{0x00000000eec67580}: 'void java.lang.invoke.DirectMethodHandle$Holder.invokeStatic(java.lang.Object, java.lang.Object)'> (0x00000000eec67580) 
thrown [./open/src/hotspot/share/interpreter/linkResolver.cpp, line 782]
Event: 4.920 Thread 0x0000025c8bfa57d0 Exception <a 'java/lang/NoSuchMethodError'{0x00000000eec6af88}: 'void java.lang.invoke.DirectMethodHandle$Holder.invokeStaticInit(java.lang.Object, java.lang.Object)'> (0x00000000eec6af88) 
thrown [./open/src/hotspot/share/interpreter/linkResolver.cpp, line 782]
Event: 4.941 Thread 0x0000025c8bfa57d0 Exception <a 'java/lang/NoSuchMethodError'{0x00000000eec97fb8}: 'java.lang.Object java.lang.invoke.DirectMethodHandle$Holder.invokeStaticInit(java.lang.Object, int, int, int, int)'> (0x00000000eec97fb8) 
thrown [./open/src/hotspot/share/interpreter/linkResolver.cpp, line 782]
Event: 5.289 Thread 0x0000025c8bfa57d0 Exception <a 'java/lang/NoSuchMethodError'{0x00000000eecbce48}: 'java.lang.Object java.lang.invoke.DirectMethodHandle$Holder.invokeStaticInit(java.lang.Object, java.lang.Object, int, int, int, int)'> (0x00000000eecbce48) 
thrown [./open/src/hotspot/share/interpreter/linkResolver.cpp, line 782]
Event: 5.766 Thread 0x0000025c8bfa57d0 Exception <a 'java/lang/NoSuchMethodError'{0x00000000eea491c8}: 'void java.lang.invoke.DirectMethodHandle$Holder.invokeStatic(java.lang.Object, java.lang.Object, java.lang.Object)'> (0x00000000eea491c8) 
thrown [./open/src/hotspot/share/interpreter/linkResolver.cpp, line 782]
Event: 6.096 Thread 0x0000025cab1e45f0 Exception <a 'java/lang/NoSuchMethodError'{0x00000000ee52e418}: static Lorg/gradle/tooling/internal/provider/SubscribableBuildAction;.<clinit>()V> (0x00000000ee52e418) 
thrown [./open/src/hotspot/share/prims/jni.cpp, line 1204]
Event: 6.102 Thread 0x0000025cab1e45f0 Exception <a 'java/lang/NoSuchMethodError'{0x00000000ee536670}: static Lorg/gradle/tooling/internal/provider/BuildModelAction;.<clinit>()V> (0x00000000ee536670) 
thrown [./open/src/hotspot/share/prims/jni.cpp, line 1204]
Event: 6.107 Thread 0x0000025cab1e45f0 Exception <a 'java/lang/NoSuchMethodError'{0x00000000ee546398}: static Lorg/gradle/internal/build/event/BuildEventSubscriptions;.<clinit>()V> (0x00000000ee546398) 
thrown [./open/src/hotspot/share/prims/jni.cpp, line 1204]
Event: 6.123 Thread 0x0000025cab1e45f0 Exception <a 'java/lang/NoSuchMethodError'{0x00000000ee5774f0}: static Ljava/lang/Object;.<clinit>()V> (0x00000000ee5774f0) 
thrown [./open/src/hotspot/share/prims/jni.cpp, line 1204]
Event: 6.130 Thread 0x0000025cab1e45f0 Exception <a 'java/lang/NoSuchMethodError'{0x00000000ee592da8}: static Lorg/gradle/api/internal/StartParameterInternal;.<clinit>()V> (0x00000000ee592da8) 
thrown [./open/src/hotspot/share/prims/jni.cpp, line 1204]
Event: 6.144 Thread 0x0000025cab1e45f0 Exception <a 'java/lang/NoSuchMethodError'{0x00000000ee5cc6a0}: static Lorg/gradle/internal/logging/DefaultLoggingConfiguration;.<clinit>()V> (0x00000000ee5cc6a0) 
thrown [./open/src/hotspot/share/prims/jni.cpp, line 1204]
Event: 6.147 Thread 0x0000025cab1e45f0 Exception <a 'java/lang/NoSuchMethodError'{0x00000000ee5d9998}: static Ljava/lang/Object;.<clinit>()V> (0x00000000ee5d9998) 
thrown [./open/src/hotspot/share/prims/jni.cpp, line 1204]
Event: 6.155 Thread 0x0000025cab1e45f0 Exception <a 'java/lang/NoSuchMethodError'{0x00000000ee5fd150}: static Lorg/gradle/internal/DefaultTaskExecutionRequest;.<clinit>()V> (0x00000000ee5fd150) 
thrown [./open/src/hotspot/share/prims/jni.cpp, line 1204]
Event: 6.369 Thread 0x0000025caaac4680 Exception <a 'java/lang/NoSuchMethodError'{0x00000000ee2d2da0}: 'void java.lang.invoke.DirectMethodHandle$Holder.invokeVirtual(java.lang.Object, java.lang.Object, java.lang.Object, java.lang.Object)'> (0x00000000ee2d2da0) 
thrown [./open/src/hotspot/share/interpreter/linkResolver.cpp, line 782]
Event: 6.374 Thread 0x0000025caaac4680 Exception <a 'java/lang/NoSuchMethodError'{0x00000000ee2dd070}: 'void java.lang.invoke.DirectMethodHandle$Holder.invokeSpecial(java.lang.Object, java.lang.Object, java.lang.Object, java.lang.Object, java.lang.Object)'> (0x00000000ee2dd070) 
thrown [./open/src/hotspot/share/interpreter/linkResolver.cpp, line 782]
Event: 6.376 Thread 0x0000025caaac4680 Exception <a 'java/lang/NoSuchMethodError'{0x00000000ee2e4af8}: 'java.lang.Object java.lang.invoke.Invokers$Holder.invoker(java.lang.Object, java.lang.Object, java.lang.Object, java.lang.Object)'> (0x00000000ee2e4af8) 
thrown [./open/src/hotspot/share/interpreter/linkResolver.cpp, line 782]
Event: 6.392 Thread 0x0000025caaac4680 Exception <a 'java/lang/NoSuchMethodError'{0x00000000ee115ba0}: 'long java.lang.invoke.DirectMethodHandle$Holder.invokeInterface(java.lang.Object, java.lang.Object)'> (0x00000000ee115ba0) 
thrown [./open/src/hotspot/share/interpreter/linkResolver.cpp, line 782]
Event: 6.413 Thread 0x0000025caaac4680 Exception <a 'java/lang/NoSuchMethodError'{0x00000000ee133db8}: 'void java.lang.invoke.DelegatingMethodHandle$Holder.reinvoke_L(java.lang.Object, java.lang.Object, java.lang.Object, java.lang.Object, java.lang.Object, java.lang.Object, java.lang.Object)'> (0x00000000ee133db8) 
thrown [./open/src/hotspot/share/interpreter/linkResolver.cpp, line 782]

Events (20 events):
Event: 6.269 loading class java/io/PipedOutputStream
Event: 6.269 loading class java/io/PipedOutputStream done
Event: 6.269 loading class java/io/PipedInputStream
Event: 6.269 loading class java/io/PipedInputStream done
Event: 6.270 Thread 0x0000025caaac5020 Thread added: 0x0000025caaac5020
Event: 6.280 Thread 0x0000025caaeb9910 Thread added: 0x0000025caaeb9910
Event: 6.391 loading class java/util/function/LongSupplier
Event: 6.392 loading class java/util/function/LongSupplier done
Event: 6.693 loading class sun/reflect/generics/tree/VoidDescriptor
Event: 6.693 loading class sun/reflect/generics/tree/VoidDescriptor done
Event: 6.702 Executing VM operation: HandshakeAllThreads
Event: 6.789 loading class sun/invoke/util/VerifyAccess$1
Event: 6.790 loading class sun/invoke/util/VerifyAccess$1 done
Event: 6.809 loading class java/util/concurrent/ExecutionException
Event: 6.810 loading class java/util/concurrent/ExecutionException done
Event: 6.861 loading class java/util/concurrent/atomic/AtomicReferenceArray
Event: 6.862 loading class java/util/concurrent/atomic/AtomicReferenceArray done
Event: 15.949 loading class java/util/concurrent/LinkedBlockingDeque$Itr
Event: 15.949 loading class java/util/concurrent/LinkedBlockingDeque$AbstractItr
Event: 15.949 loading class java/util/concurrent/LinkedBlockingDeque$AbstractItr done


Dynamic libraries:
0x00007ff661ec0000 - 0x00007ff661ecf000 	C:\jdk-15\bin\java.exe
0x00007ffcea840000 - 0x00007ffceaa49000 	C:\WINDOWS\SYSTEM32\ntdll.dll
0x00007ffce9e70000 - 0x00007ffce9f2d000 	C:\WINDOWS\System32\KERNEL32.DLL
0x00007ffce8240000 - 0x00007ffce85b4000 	C:\WINDOWS\System32\KERNELBASE.dll
0x00007ffce8000000 - 0x00007ffce8111000 	C:\WINDOWS\System32\ucrtbase.dll
0x00007ffcd8860000 - 0x00007ffcd8878000 	C:\jdk-15\bin\jli.dll
0x00007ffce9590000 - 0x00007ffce963e000 	C:\WINDOWS\System32\ADVAPI32.dll
0x00007ffce8c10000 - 0x00007ffce8cb3000 	C:\WINDOWS\System32\msvcrt.dll
0x00007ffce9fa0000 - 0x00007ffcea03e000 	C:\WINDOWS\System32\sechost.dll
0x00007ffcea580000 - 0x00007ffcea6a0000 	C:\WINDOWS\System32\RPCRT4.dll
0x00007ffce86e0000 - 0x00007ffce888c000 	C:\WINDOWS\System32\USER32.dll
0x00007ffce7ea0000 - 0x00007ffce7ec6000 	C:\WINDOWS\System32\win32u.dll
0x00007ffce9560000 - 0x00007ffce9589000 	C:\WINDOWS\System32\GDI32.dll
0x00007ffce8120000 - 0x00007ffce8232000 	C:\WINDOWS\System32\gdi32full.dll
0x00007ffce85c0000 - 0x00007ffce865d000 	C:\WINDOWS\System32\msvcp_win.dll
0x00007ffcd58f0000 - 0x00007ffcd5909000 	C:\jdk-15\bin\VCRUNTIME140.dll
0x00007ffcd7cb0000 - 0x00007ffcd7f55000 	C:\WINDOWS\WinSxS\amd64_microsoft.windows.common-controls_6595b64144ccf1df_6.0.22000.120_none_9d947278b86cc467\COMCTL32.dll
0x00007ffce6b00000 - 0x00007ffce6b0a000 	C:\WINDOWS\SYSTEM32\VERSION.dll
0x00007ffce97e0000 - 0x00007ffce9811000 	C:\WINDOWS\System32\IMM32.DLL
0x00007ffce1ab0000 - 0x00007ffce1abc000 	C:\jdk-15\bin\vcruntime140_1.dll
0x00007ffccd370000 - 0x00007ffccd401000 	C:\jdk-15\bin\msvcp140.dll
0x00007ffc84450000 - 0x00007ffc84fac000 	C:\jdk-15\bin\server\jvm.dll
0x00007ffcea0f0000 - 0x00007ffcea0f8000 	C:\WINDOWS\System32\PSAPI.DLL
0x00007ffcd2a20000 - 0x00007ffcd2a29000 	C:\WINDOWS\SYSTEM32\WSOCK32.dll
0x00007ffce9e00000 - 0x00007ffce9e6f000 	C:\WINDOWS\System32\WS2_32.dll
0x00007ffcdd260000 - 0x00007ffcdd293000 	C:\WINDOWS\SYSTEM32\WINMM.dll
0x00007ffce6e30000 - 0x00007ffce6e48000 	C:\WINDOWS\SYSTEM32\kernel.appcore.dll
0x00007ffcd8850000 - 0x00007ffcd885a000 	C:\jdk-15\bin\jimage.dll
0x00007ffcd56b0000 - 0x00007ffcd58d1000 	C:\WINDOWS\SYSTEM32\DBGHELP.DLL
0x00007ffcd5610000 - 0x00007ffcd5641000 	C:\WINDOWS\SYSTEM32\dbgcore.DLL
0x00007ffce8660000 - 0x00007ffce86df000 	C:\WINDOWS\System32\bcryptPrimitives.dll
0x00007ffccd340000 - 0x00007ffccd365000 	C:\jdk-15\bin\java.dll
0x00007ffce8cc0000 - 0x00007ffce946f000 	C:\WINDOWS\System32\SHELL32.dll
0x00007ffce5c60000 - 0x00007ffce64c8000 	C:\WINDOWS\SYSTEM32\windows.storage.dll
0x00007ffce8890000 - 0x00007ffce8c08000 	C:\WINDOWS\System32\combase.dll
0x00007ffce5af0000 - 0x00007ffce5c56000 	C:\WINDOWS\SYSTEM32\wintypes.dll
0x00007ffce9470000 - 0x00007ffce955a000 	C:\WINDOWS\System32\SHCORE.dll
0x00007ffce99f0000 - 0x00007ffce9a4d000 	C:\WINDOWS\System32\shlwapi.dll
0x00007ffce7c60000 - 0x00007ffce7c81000 	C:\WINDOWS\SYSTEM32\profapi.dll
0x00007ffcd4940000 - 0x00007ffcd4959000 	C:\jdk-15\bin\net.dll
0x00007ffce28c0000 - 0x00007ffce29cc000 	C:\WINDOWS\SYSTEM32\WINHTTP.dll
0x00007ffce72d0000 - 0x00007ffce7337000 	C:\WINDOWS\system32\mswsock.dll
0x00007ffcce540000 - 0x00007ffcce552000 	C:\jdk-15\bin\nio.dll
0x00007ffccd850000 - 0x00007ffccd868000 	C:\jdk-15\bin\zip.dll
0x00007ffcd8790000 - 0x00007ffcd87a0000 	C:\jdk-15\bin\verify.dll
0x00007ffcd5930000 - 0x00007ffcd5957000 	C:\Users\nquoc\.gradle\native\fdc75f09e3144964f2cf3f50f0aa648679c211496f362492102eb8c894070792\windows-amd64\native-platform.dll
0x00007ffca6310000 - 0x00007ffca64a6000 	C:\Users\nquoc\.gradle\native\12488b8bf47d2d4c9fbf2f6322a914ad602e24e48041cd04a747c6da556b65c4\windows-amd64\native-platform-file-events.dll
0x00007ffcd73c0000 - 0x00007ffcd73c9000 	C:\jdk-15\bin\management.dll
0x00007ffcd6930000 - 0x00007ffcd693b000 	C:\jdk-15\bin\management_ext.dll
0x00007ffce7540000 - 0x00007ffce7558000 	C:\WINDOWS\SYSTEM32\CRYPTSP.dll
0x00007ffce6d90000 - 0x00007ffce6dc5000 	C:\WINDOWS\system32\rsaenh.dll
0x00007ffce73f0000 - 0x00007ffce7419000 	C:\WINDOWS\SYSTEM32\USERENV.dll
0x00007ffce7710000 - 0x00007ffce7737000 	C:\WINDOWS\SYSTEM32\bcrypt.dll
0x00007ffce7560000 - 0x00007ffce756c000 	C:\WINDOWS\SYSTEM32\CRYPTBASE.dll
0x00007ffce6710000 - 0x00007ffce673d000 	C:\WINDOWS\SYSTEM32\IPHLPAPI.DLL
0x00007ffcea570000 - 0x00007ffcea579000 	C:\WINDOWS\System32\NSI.dll
0x00007ffce26b0000 - 0x00007ffce26c9000 	C:\WINDOWS\SYSTEM32\dhcpcsvc6.DLL
0x00007ffce2b60000 - 0x00007ffce2b7e000 	C:\WINDOWS\SYSTEM32\dhcpcsvc.DLL
0x00007ffce6740000 - 0x00007ffce6828000 	C:\WINDOWS\SYSTEM32\DNSAPI.dll
0x00007ffce1b70000 - 0x00007ffce1b7c000 	C:\WINDOWS\SYSTEM32\WINNSI.DLL

dbghelp: loaded successfully - version: 4.0.5 - missing functions: none
symbol engine: initialized successfully - sym options: 0x614 - pdb path: .;C:\jdk-15\bin;C:\WINDOWS\SYSTEM32;C:\WINDOWS\WinSxS\amd64_microsoft.windows.common-controls_6595b64144ccf1df_6.0.22000.120_none_9d947278b86cc467;C:\jdk-15\bin\server;C:\Users\nquoc\.gradle\native\fdc75f09e3144964f2cf3f50f0aa648679c211496f362492102eb8c894070792\windows-amd64;C:\Users\nquoc\.gradle\native\12488b8bf47d2d4c9fbf2f6322a914ad602e24e48041cd04a747c6da556b65c4\windows-amd64

VM Arguments:
jvm_args: --add-opens=java.base/java.util=ALL-UNNAMED --add-opens=java.base/java.lang=ALL-UNNAMED --add-opens=java.base/java.lang.invoke=ALL-UNNAMED --add-opens=java.prefs/java.util.prefs=ALL-UNNAMED -XX:MaxMetaspaceSize=256m -XX:+HeapDumpOnOutOfMemoryError -Xms256m -Xmx512m -Dfile.encoding=windows-31j -Duser.country=US -Duser.language=en -Duser.variant 
java_command: org.gradle.launcher.daemon.bootstrap.GradleDaemon 6.8.3
java_class_path (initial): C:\Users\nquoc\.gradle\wrapper\dists\gradle-6.8.3-all\6czipnbiesy2sl92ioo8dht91\gradle-6.8.3\lib\gradle-launcher-6.8.3.jar
Launcher Type: SUN_STANDARD

[Global flags]
     intx CICompilerCount                          = 3                                         {product} {ergonomic}
   size_t CompressedClassSpaceSize                 = 260046848                                 {product} {ergonomic}
     uint ConcGCThreads                            = 1                                         {product} {ergonomic}
     uint G1ConcRefinementThreads                  = 4                                         {product} {ergonomic}
   size_t G1HeapRegionSize                         = 1048576                                   {product} {ergonomic}
    uintx GCDrainStackTargetSize                   = 64                                        {product} {ergonomic}
     bool HeapDumpOnOutOfMemoryError               = true                                   {manageable} {command line}
   size_t InitialHeapSize                          = 268435456                                 {product} {command line}
   size_t MarkStackSize                            = 4194304                                   {product} {ergonomic}
   size_t MaxHeapSize                              = 536870912                                 {product} {command line}
   size_t MaxMetaspaceSize                         = 268435456                                 {product} {command line}
   size_t MaxNewSize                               = 321912832                                 {product} {ergonomic}
   size_t MinHeapDeltaBytes                        = 1048576                                   {product} {ergonomic}
   size_t MinHeapSize                              = 268435456                                 {product} {command line}
    uintx NonNMethodCodeHeapSize                   = 5832780                                {pd product} {ergonomic}
    uintx NonProfiledCodeHeapSize                  = 122912730                              {pd product} {ergonomic}
    uintx ProfiledCodeHeapSize                     = 122912730                              {pd product} {ergonomic}
    uintx ReservedCodeCacheSize                    = 251658240                              {pd product} {ergonomic}
     bool SegmentedCodeCache                       = true                                      {product} {ergonomic}
   size_t SoftMaxHeapSize                          = 536870912                              {manageable} {ergonomic}
     bool UseCompressedClassPointers               = true                                 {lp64_product} {ergonomic}
     bool UseCompressedOops                        = true                                 {lp64_product} {ergonomic}
     bool UseG1GC                                  = true                                      {product} {ergonomic}
     bool UseLargePagesIndividualAllocation        = false                                  {pd product} {ergonomic}

Logging:
Log output configuration:
 #0: stdout all=warning uptime,level,tags
 #1: stderr all=off uptime,level,tags

Environment Variables:
PATH=C:\WINDOWS\system32;C:\WINDOWS;C:\WINDOWS\System32\Wbem;C:\WINDOWS\System32\WindowsPowerShell\v1.0\;C:\WINDOWS\System32\OpenSSH\;C:\Program Files\Git\cmd;C:\Program Files\Genymobile\Genymotion\tools;C:\Program Files\PostgreSQL\13\bin;C:\jdk-15\bin;C:\xampp\php;C:\ProgramData\ComposerSetup\bin;C:\Program Files (x86)\Microsoft SQL Server\150\DTS\Binn\;C:\Program Files\nodejs\;C:\Program Files\Microsoft SQL Server\150\Tools\Binn\;C:\Program Files (x86)\dotnet\;C:\Ruby30-x64\bin;C:\Users\nquoc\AppData\Local\Programs\Python\Python39\Scripts\;C:\Users\nquoc\AppData\Local\Programs\Python\Python39\;C:\Users\nquoc\AppData\Local\Microsoft\WindowsApps;C:\Program Files\Genymobile\Genymotion\tools;C:\Program Files\PostgreSQL\13\bin;C:\jdk-15\bin;;C:\Program Files\JetBrains\IntelliJ IDEA 2021.1.3\bin;;C:\Users\nquoc\AppData\Roaming\Composer\vendor\bin;C:\Users\nquoc\AppData\Local\Programs\Microsoft VS Code\bin;C:\Program Files\Azure Data Studio\bin;C:\Users\nquoc\AppData\Roaming\npm;C:\Users\nquoc\.dotnet\tools;C:\Users\nquoc\AppData\Local\Coursier\data\bin
USERNAME=nquoc
OS=Windows_NT
PROCESSOR_IDENTIFIER=Intel64 Family 6 Model 60 Stepping 3, GenuineIntel



---------------  S Y S T E M  ---------------

OS:
 Windows 10 , 64 bit Build 22000 (10.0.22000.613)
OS uptime: 1 days 6:36 hours

CPU: total 4 (initial active 4) (2 cores per cpu, 2 threads per core) family 6 model 60 stepping 3, cmov, cx8, fxsr, mmx, sse, sse2, sse3, ssse3, sse4.1, sse4.2, popcnt, vzeroupper, avx, avx2, aes, clmul, erms, lzcnt, ht, tsc, tscinvbit, bmi1, bmi2, fma, clflush

Memory: 4k page, system-wide physical 7876M (1791M free)
TotalPageFile size 13940M (AvailPageFile size 5571M)
current process WorkingSet (physical memory assigned to process): 45M, peak: 121M
current process commit charge ("private bytes"): 370M, peak: 391M

vm_info: Java HotSpot(TM) 64-Bit Server VM (15+36-1562) for windows-amd64 JRE (15+36-1562), built on Aug 11 2020 22:38:02 by "mach5one" with unknown MS VC++:1925

END.
